[INFO] Scanning for projects...
[WARNING] 
[WARNING] Some problems were encountered while building the effective model for com.nutanix.nutanix-core.ntnx-api.golang-mock-pc:golang-mock-java-dto-definitions:jar:17.0.0-SNAPSHOT
[WARNING] 'build.plugins.plugin.version' for org.apache.maven.plugins:maven-source-plugin is missing. @ line 117, column 15
[WARNING] 
[WARNING] Some problems were encountered while building the effective model for com.nutanix.nutanix-core.ntnx-api.golang-mock-pc:golang-mock-grpc-client:jar:17.0.0-SNAPSHOT
[WARNING] The expression ${groupId} is deprecated. Please use ${project.groupId} instead.
[WARNING] 
[WARNING] It is highly recommended to fix these problems because they threaten the stability of your build.
[WARNING] 
[WARNING] For this reason, future Maven versions might no longer support building such malformed projects.
[WARNING] 
[INFO] ------------------------------------------------------------------------
[INFO] Detecting the operating system and CPU architecture
[INFO] ------------------------------------------------------------------------
[INFO] os.detected.name: osx
[INFO] os.detected.arch: aarch_64
[INFO] os.detected.version: 15.6
[INFO] os.detected.version.major: 15
[INFO] os.detected.version.minor: 6
[INFO] os.detected.classifier: osx-aarch_64
[INFO] ------------------------------------------------------------------------
[INFO] Reactor Build Order:
[INFO] 
[INFO] Golang Mock API Service - API Definitions                          [pom]
[INFO] Golang Mock API Definitions                                        [jar]
[INFO] Mock API Client and Server SDKs                                    [pom]
[INFO] Golang Mock Java Model classes                                     [jar]
[INFO] Golang Mock API Spring MVC Interfaces                              [jar]
[INFO] Golang Mock Go DTO Definitions                                     [jar]
[INFO] Golang Mock Protocol Buffer Messages                               [jar]
[INFO] Golang Mock proto to Java classes                                  [jar]
[INFO] Golang Mock Protocol Buffer Services                               [jar]
[INFO] Golang Mock Protocol Buffer Mappers                                [jar]
[INFO] Golang Mock gRPC Client                                            [jar]
[INFO] 
[INFO] --< com.nutanix.nutanix-core.ntnx-api.golang-mock-pc:golang-mock-pc >---
[INFO] Building Golang Mock API Service - API Definitions 17.0.0-SNAPSHOT [1/11]
[INFO]   from pom.xml
[INFO] --------------------------------[ pom ]---------------------------------
[INFO] 
[INFO] --- clean:3.2.0:clean (default-clean) @ golang-mock-pc ---
[INFO] 
[INFO] --- jacoco:0.8.11:prepare-agent (default) @ golang-mock-pc ---
[INFO] argLine set to -javaagent:/Users/nitin.mangotra/.m2/repository/org/jacoco/org.jacoco.agent/0.8.11/org.jacoco.agent-0.8.11-runtime.jar=destfile=/Users/nitin.mangotra/ntnx-api-golang-mock-pc/target/jacoco.exec
[INFO] 
[INFO] --- jacoco:0.8.11:report (report) @ golang-mock-pc ---
[INFO] Skipping JaCoCo execution due to missing execution data file.
[INFO] 
[INFO] --- install:3.1.2:install (default-install) @ golang-mock-pc ---
[INFO] Installing /Users/nitin.mangotra/ntnx-api-golang-mock-pc/pom.xml to /Users/nitin.mangotra/.m2/repository/com/nutanix/nutanix-core/ntnx-api/golang-mock-pc/golang-mock-pc/17.0.0-SNAPSHOT/golang-mock-pc-17.0.0-SNAPSHOT.pom
[INFO] 
[INFO] --< com.nutanix.nutanix-core.ntnx-api.golang-mock-pc:golang-mock-api-definitions >--
[INFO] Building Golang Mock API Definitions 17.0.0-SNAPSHOT              [2/11]
[INFO]   from golang-mock-api-definitions/pom.xml
[INFO] --------------------------------[ jar ]---------------------------------
[WARNING] Parameter 'prevApiVersion' is unknown for plugin 'dev-platform-maven-plugins:17.6.0.9581-RELEASE:generate (default)'
[WARNING] Parameter 'prevApiVersion' is unknown for plugin 'dev-platform-maven-plugins:17.6.0.9581-RELEASE:verify-yaml (default)'
[INFO] 
[INFO] --- clean:3.2.0:clean (default-clean) @ golang-mock-api-definitions ---
[INFO] Deleting /Users/nitin.mangotra/ntnx-api-golang-mock-pc/golang-mock-api-definitions/target
[INFO] 
[INFO] --- jacoco:0.8.11:prepare-agent (default) @ golang-mock-api-definitions ---
[INFO] argLine set to -javaagent:/Users/nitin.mangotra/.m2/repository/org/jacoco/org.jacoco.agent/0.8.11/org.jacoco.agent-0.8.11-runtime.jar=destfile=/Users/nitin.mangotra/ntnx-api-golang-mock-pc/golang-mock-api-definitions/target/jacoco.exec
[INFO] 
[INFO] --- dev-platforms:17.6.0.9581-RELEASE:generate (default) @ golang-mock-api-definitions ---
[WARNING] 1 problem was encountered while building the effective model for org.javassist:javassist:jar:3.21.0-GA during dependency collection step for plugin (use -X to see details)
[WARNING] No repositories.yaml file found at /Users/nitin.mangotra/ntnx-api-golang-mock-pc/golang-mock-api-definitions/defs/metadata/repositories.yaml
[INFO] No response template in api path /mock/v4.1/config/cats Get operation
[WARNING] Resolution of 'class java.util.Collections$UnmodifiableRandomAccessList' to the actual List type object has failed. Resolving to LinkedList by default!
[WARNING] 4XXResponseDescription not defined
[WARNING] 5XXResponseDescription not defined
[WARNING] Custom $objectType discriminator will be added only if all schemas in oneOf use $ref. Not adding discriminator in property [error] of [mock.v4.r1.error.ErrorResponse]
[WARNING] Custom $objectType discriminator will be added only if all schemas in oneOf use $ref. Not adding discriminator in property [data] of [mock.v4.r1.config.ListCatsApiResponse]
[WARNING] Could not find profiles.yaml in any namespace-version tuple of project at /Users/nitin.mangotra/ntnx-api-golang-mock-pc/golang-mock-api-definitions/defs
[INFO] local namespace identifiers:
[{local_namespace_prefix=MOC, local_project_identifier=DDEAFBCDB5CE608D0C0371383C70CBFD}]
[INFO] external namespace identifiers:
[]
[INFO] 
[INFO] --- resources:3.3.1:resources (default-resources) @ golang-mock-api-definitions ---
[INFO] skip non existing resourceDirectory /Users/nitin.mangotra/ntnx-api-golang-mock-pc/golang-mock-api-definitions/src/main/resources
[INFO] 
[INFO] --- compiler:3.13.0:compile (default-compile) @ golang-mock-api-definitions ---
[INFO] No sources to compile
[INFO] 
[INFO] --- resources:3.3.1:testResources (default-testResources) @ golang-mock-api-definitions ---
[INFO] skip non existing resourceDirectory /Users/nitin.mangotra/ntnx-api-golang-mock-pc/golang-mock-api-definitions/src/test/resources
[INFO] 
[INFO] --- compiler:3.13.0:testCompile (default-testCompile) @ golang-mock-api-definitions ---
[INFO] No sources to compile
[INFO] 
[INFO] --- surefire:3.1.2:test (default-test) @ golang-mock-api-definitions ---
[INFO] Tests are skipped.
[INFO] 
[INFO] --- jacoco:0.8.11:report (report) @ golang-mock-api-definitions ---
[INFO] Skipping JaCoCo execution due to missing execution data file.
[INFO] 
[INFO] --- jar:3.4.1:jar (default-jar) @ golang-mock-api-definitions ---
[WARNING] JAR will be empty - no content was marked for inclusion!
[INFO] Building jar: /Users/nitin.mangotra/ntnx-api-golang-mock-pc/golang-mock-api-definitions/target/golang-mock-api-definitions-17.0.0-SNAPSHOT.jar
[INFO] 
[INFO] --- assembly:3.1.1:single (generate-tar-gz) @ golang-mock-api-definitions ---
[INFO] Reading assembly descriptor: /Users/nitin.mangotra/ntnx-api-golang-mock-pc/golang-mock-api-definitions/assembly/assembly.xml
[INFO] Building tar: /Users/nitin.mangotra/ntnx-api-golang-mock-pc/golang-mock-api-definitions/target/golang-mock-api-definitions-17.0.0-SNAPSHOT.tgz
[INFO] 
[INFO] --- dev-platforms:17.6.0.9581-RELEASE:verify-yaml (default) @ golang-mock-api-definitions ---
[INFO] io.swagger.v3.parser.OpenAPIV3Parser@5036a286: attribute components.schemas.mock.v4.1.config.ListCatsApiResponse.additionalProperties is not of type `object`
[INFO] io.swagger.v3.parser.OpenAPIV3Parser@5036a286: attribute components.schemas.mock.v4.1.config.Cat.additionalProperties is not of type `object`
[INFO] io.swagger.v3.parser.OpenAPIV3Parser@5036a286: attribute components.schemas.mock.v4.1.config.Location.additionalProperties is not of type `object`
[INFO] io.swagger.v3.parser.OpenAPIV3Parser@5036a286: attribute components.schemas.mock.v4.1.config.Country.additionalProperties is not of type `object`
[INFO] io.swagger.v3.parser.OpenAPIV3Parser@5036a286: attribute components.schemas.mock.v4.1.error.ErrorResponse.additionalProperties is not of type `object`
[INFO] io.swagger.v3.parser.OpenAPIV3Parser@5036a286: attribute components.schemas.mock.v4.1.error.AppMessage.additionalProperties is not of type `object`
[INFO] io.swagger.v3.parser.OpenAPIV3Parser@5036a286: attribute components.schemas.mock.v4.1.error.SchemaValidationError.additionalProperties is not of type `object`
[INFO] io.swagger.v3.parser.OpenAPIV3Parser@5036a286: attribute components.schemas.mock.v4.1.error.SchemaValidationErrorMessage.additionalProperties is not of type `object`
[INFO] io.swagger.v3.parser.OpenAPIV3Parser@5036a286: attribute paths.'/mock/v4.1/config/cats'(get).responses.200.content.schema.additionalProperties is not of type `object`
[INFO] io.swagger.v3.parser.OpenAPIV3Parser@5036a286: attribute paths.'/mock/v4.1/config/cats'(get).responses.4XX.content.schema.additionalProperties is not of type `object`
[INFO] io.swagger.v3.parser.OpenAPIV3Parser@5036a286: attribute paths.'/mock/v4.1/config/cats'(get).responses.5XX.content.schema.additionalProperties is not of type `object`
[INFO] io.swagger.v3.parser.OpenAPIV3Parser@1361e880: attribute components.schemas.mock.v4.r1.config.ListCatsApiResponse.additionalProperties is not of type `object`
[INFO] io.swagger.v3.parser.OpenAPIV3Parser@1361e880: attribute components.schemas.mock.v4.r1.config.Cat.additionalProperties is not of type `object`
[INFO] io.swagger.v3.parser.OpenAPIV3Parser@1361e880: attribute components.schemas.mock.v4.r1.config.Location.additionalProperties is not of type `object`
[INFO] io.swagger.v3.parser.OpenAPIV3Parser@1361e880: attribute components.schemas.mock.v4.r1.config.Country.additionalProperties is not of type `object`
[INFO] io.swagger.v3.parser.OpenAPIV3Parser@1361e880: attribute components.schemas.mock.v4.r1.error.ErrorResponse.additionalProperties is not of type `object`
[INFO] io.swagger.v3.parser.OpenAPIV3Parser@1361e880: attribute components.schemas.mock.v4.r1.error.AppMessage.additionalProperties is not of type `object`
[INFO] io.swagger.v3.parser.OpenAPIV3Parser@1361e880: attribute components.schemas.mock.v4.r1.error.SchemaValidationError.additionalProperties is not of type `object`
[INFO] io.swagger.v3.parser.OpenAPIV3Parser@1361e880: attribute components.schemas.mock.v4.r1.error.SchemaValidationErrorMessage.additionalProperties is not of type `object`
[INFO] io.swagger.v3.parser.OpenAPIV3Parser@af57949: attribute components.schemas.mock.v4.r1.config.Cat.additionalProperties is not of type `object`
[INFO] io.swagger.v3.parser.OpenAPIV3Parser@af57949: attribute components.schemas.mock.v4.r1.config.Location.additionalProperties is not of type `object`
[INFO] io.swagger.v3.parser.OpenAPIV3Parser@af57949: attribute components.schemas.mock.v4.r1.config.Country.additionalProperties is not of type `object`
[INFO] io.swagger.v3.parser.OpenAPIV3Parser@af57949: attribute components.schemas.mock.v4.r1.error.ErrorResponse.additionalProperties is not of type `object`
[INFO] io.swagger.v3.parser.OpenAPIV3Parser@af57949: attribute components.schemas.mock.v4.r1.error.AppMessage.additionalProperties is not of type `object`
[INFO] io.swagger.v3.parser.OpenAPIV3Parser@af57949: attribute components.schemas.mock.v4.r1.error.SchemaValidationError.additionalProperties is not of type `object`
[INFO] io.swagger.v3.parser.OpenAPIV3Parser@af57949: attribute components.schemas.mock.v4.r1.error.SchemaValidationErrorMessage.additionalProperties is not of type `object`
[INFO] io.swagger.v3.parser.OpenAPIV3Parser@af57949: attribute components.schemas.mock.v4.r1.config.ListCatsApiResponse.additionalProperties is not of type `object`
[INFO] 
[INFO] --- install:3.1.2:install (default-install) @ golang-mock-api-definitions ---
[INFO] Installing /Users/nitin.mangotra/ntnx-api-golang-mock-pc/golang-mock-api-definitions/pom.xml to /Users/nitin.mangotra/.m2/repository/com/nutanix/nutanix-core/ntnx-api/golang-mock-pc/golang-mock-api-definitions/17.0.0-SNAPSHOT/golang-mock-api-definitions-17.0.0-SNAPSHOT.pom
[INFO] Installing /Users/nitin.mangotra/ntnx-api-golang-mock-pc/golang-mock-api-definitions/target/golang-mock-api-definitions-17.0.0-SNAPSHOT.jar to /Users/nitin.mangotra/.m2/repository/com/nutanix/nutanix-core/ntnx-api/golang-mock-pc/golang-mock-api-definitions/17.0.0-SNAPSHOT/golang-mock-api-definitions-17.0.0-SNAPSHOT.jar
[INFO] Installing /Users/nitin.mangotra/ntnx-api-golang-mock-pc/golang-mock-api-definitions/target/golang-mock-api-definitions-17.0.0-SNAPSHOT.tgz to /Users/nitin.mangotra/.m2/repository/com/nutanix/nutanix-core/ntnx-api/golang-mock-pc/golang-mock-api-definitions/17.0.0-SNAPSHOT/golang-mock-api-definitions-17.0.0-SNAPSHOT.tgz
[INFO] 
[INFO] --< com.nutanix.nutanix-core.ntnx-api.golang-mock-pc:golang-mock-api-codegen >--
[INFO] Building Mock API Client and Server SDKs 17.0.0-SNAPSHOT          [3/11]
[INFO]   from golang-mock-api-codegen/pom.xml
[INFO] --------------------------------[ pom ]---------------------------------
[INFO] 
[INFO] --- clean:3.2.0:clean (default-clean) @ golang-mock-api-codegen ---
[INFO] Deleting /Users/nitin.mangotra/ntnx-api-golang-mock-pc/golang-mock-api-codegen/target
[INFO] 
[INFO] --- dependency:3.7.0:unpack (unpack) @ golang-mock-api-codegen ---
[INFO] Configured Artifact: com.nutanix.nutanix-core.ntnx-api.golang-mock-pc:golang-mock-api-definitions:17.0.0-SNAPSHOT:tgz
[INFO] Expanding: /Users/nitin.mangotra/ntnx-api-golang-mock-pc/golang-mock-api-definitions/target/golang-mock-api-definitions-17.0.0-SNAPSHOT.tgz into /Users/nitin.mangotra/ntnx-api-golang-mock-pc/golang-mock-api-codegen/target
[INFO] 
[INFO] --- jacoco:0.8.11:prepare-agent (default) @ golang-mock-api-codegen ---
[INFO] argLine set to -javaagent:/Users/nitin.mangotra/.m2/repository/org/jacoco/org.jacoco.agent/0.8.11/org.jacoco.agent-0.8.11-runtime.jar=destfile=/Users/nitin.mangotra/ntnx-api-golang-mock-pc/golang-mock-api-codegen/target/jacoco.exec
[INFO] 
[INFO] --- jacoco:0.8.11:report (report) @ golang-mock-api-codegen ---
[INFO] Skipping JaCoCo execution due to missing execution data file.
[INFO] 
[INFO] --- install:3.1.2:install (default-install) @ golang-mock-api-codegen ---
[INFO] Installing /Users/nitin.mangotra/ntnx-api-golang-mock-pc/golang-mock-api-codegen/pom.xml to /Users/nitin.mangotra/.m2/repository/com/nutanix/nutanix-core/ntnx-api/golang-mock-pc/golang-mock-api-codegen/17.0.0-SNAPSHOT/golang-mock-api-codegen-17.0.0-SNAPSHOT.pom
[INFO] 
[INFO] --< com.nutanix.nutanix-core.ntnx-api.golang-mock-pc:golang-mock-java-dto-definitions >--
[INFO] Building Golang Mock Java Model classes 17.0.0-SNAPSHOT           [4/11]
[INFO]   from golang-mock-api-codegen/golang-mock-java-dto-definitions/pom.xml
[INFO] --------------------------------[ jar ]---------------------------------
[WARNING] Ignoring incompatible plugin version 4.0.0-beta-1: The plugin org.apache.maven.plugins:maven-source-plugin:4.0.0-beta-1 requires Maven version 4.0.0-beta-3
[INFO] Latest version of plugin org.apache.maven.plugins:maven-source-plugin failed compatibility check
[INFO] Looking for compatible RELEASE version of plugin org.apache.maven.plugins:maven-source-plugin
[INFO] Selected plugin org.apache.maven.plugins:maven-source-plugin:3.3.1
[INFO] 
[INFO] --- clean:3.2.0:clean (default-clean) @ golang-mock-java-dto-definitions ---
[INFO] Deleting /Users/nitin.mangotra/ntnx-api-golang-mock-pc/golang-mock-api-codegen/golang-mock-java-dto-definitions/target
[INFO] 
[INFO] --- dependency:3.7.0:unpack (unpack) @ golang-mock-java-dto-definitions ---
[INFO] Configured Artifact: com.nutanix.nutanix-core.ntnx-api.golang-mock-pc:golang-mock-api-definitions:17.0.0-SNAPSHOT:tgz
[INFO] Expanding: /Users/nitin.mangotra/ntnx-api-golang-mock-pc/golang-mock-api-definitions/target/golang-mock-api-definitions-17.0.0-SNAPSHOT.tgz into /Users/nitin.mangotra/ntnx-api-golang-mock-pc/golang-mock-api-codegen/golang-mock-java-dto-definitions/target
[INFO] 
[INFO] --- jacoco:0.8.11:prepare-agent (default) @ golang-mock-java-dto-definitions ---
[INFO] argLine set to -javaagent:/Users/nitin.mangotra/.m2/repository/org/jacoco/org.jacoco.agent/0.8.11/org.jacoco.agent-0.8.11-runtime.jar=destfile=/Users/nitin.mangotra/ntnx-api-golang-mock-pc/golang-mock-api-codegen/golang-mock-java-dto-definitions/target/jacoco.exec
[INFO] 
[INFO] --- swagger-codegen:3.0.10:generate (default) @ golang-mock-java-dto-definitions ---
[WARNING] Output directory does not exist, or is inaccessible. No file (.swagger-codegen-ignore) will be evaluated.
[INFO] writing file /Users/nitin.mangotra/ntnx-api-golang-mock-pc/golang-mock-api-codegen/golang-mock-java-dto-definitions/target/generated-sources/swagger/src/dp1/mock/deserializers/MockObjectTypeTypedObjectDeserializer.java
[INFO] writing file /Users/nitin.mangotra/ntnx-api-golang-mock-pc/golang-mock-api-codegen/golang-mock-java-dto-definitions/target/generated-sources/swagger/src/dp1/mock/deserializers/MockObjectTypeTypedObject.java
[INFO] writing file /Users/nitin.mangotra/ntnx-api-golang-mock-pc/golang-mock-api-codegen/golang-mock-java-dto-definitions/target/generated-sources/swagger/src/dp1/mock/deserializers/MockCaseInsensitiveEnumDeserializer.java
[INFO] writing file /Users/nitin.mangotra/ntnx-api-golang-mock-pc/golang-mock-api-codegen/golang-mock-java-dto-definitions/target/generated-sources/swagger/src/dp1/mock/deserializers/MockOneOfDeserializer.java
[INFO] writing file /Users/nitin.mangotra/ntnx-api-golang-mock-pc/golang-mock-api-codegen/golang-mock-java-dto-definitions/target/generated-sources/swagger/src/dp1/mock/serializers/MockOneOfSerializer.java
[INFO] writing file /Users/nitin.mangotra/ntnx-api-golang-mock-pc/golang-mock-api-codegen/golang-mock-java-dto-definitions/target/generated-sources/swagger/src/dp1/mock/deserializers/MockDeserializerUtils.java
[INFO] writing file /Users/nitin.mangotra/ntnx-api-golang-mock-pc/golang-mock-api-codegen/golang-mock-java-dto-definitions/target/generated-sources/swagger/src/dp1/mock/models/MockAbstractBoundedMap.java
[INFO] writing file /Users/nitin.mangotra/ntnx-api-golang-mock-pc/golang-mock-api-codegen/golang-mock-java-dto-definitions/target/generated-sources/swagger/src/dp1/mock/annotations/MockJsonSerializer.java
[INFO] writing file /Users/nitin.mangotra/ntnx-api-golang-mock-pc/golang-mock-api-codegen/golang-mock-java-dto-definitions/target/generated-sources/swagger/src/dp1/mock/annotations/MockJsonDeserializer.java
[INFO] writing file /Users/nitin.mangotra/ntnx-api-golang-mock-pc/golang-mock-api-codegen/golang-mock-java-dto-definitions/target/generated-sources/swagger/src/dp1/mock/serializers/MockComplexListSerializer.java
[INFO] writing file /Users/nitin.mangotra/ntnx-api-golang-mock-pc/golang-mock-api-codegen/golang-mock-java-dto-definitions/target/generated-sources/swagger/src/dp1/mock/serializers/MockSerializerUtils.java
[INFO] writing file /Users/nitin.mangotra/ntnx-api-golang-mock-pc/golang-mock-api-codegen/golang-mock-java-dto-definitions/target/generated-sources/swagger/src/dp1/mock/mock/v4/error/package.html
[INFO] writing file /Users/nitin.mangotra/ntnx-api-golang-mock-pc/golang-mock-api-codegen/golang-mock-java-dto-definitions/target/generated-sources/swagger/src/dp1/mock/mock/v4/config/Cat.java
[INFO] writing file /Users/nitin.mangotra/ntnx-api-golang-mock-pc/golang-mock-api-codegen/golang-mock-java-dto-definitions/target/generated-sources/swagger/src/dp1/mock/mock/v4/config/Country.java
[INFO] writing file /Users/nitin.mangotra/ntnx-api-golang-mock-pc/golang-mock-api-codegen/golang-mock-java-dto-definitions/target/generated-sources/swagger/src/dp1/mock/mock/v4/config/ListCatsApiResponse.java
[INFO] writing file /Users/nitin.mangotra/ntnx-api-golang-mock-pc/golang-mock-api-codegen/golang-mock-java-dto-definitions/target/generated-sources/swagger/src/dp1/mock/mock/v4/config/Location.java
[INFO] writing file /Users/nitin.mangotra/ntnx-api-golang-mock-pc/golang-mock-api-codegen/golang-mock-java-dto-definitions/target/generated-sources/swagger/src/dp1/mock/mock/v4/error/AppMessage.java
[INFO] writing file /Users/nitin.mangotra/ntnx-api-golang-mock-pc/golang-mock-api-codegen/golang-mock-java-dto-definitions/target/generated-sources/swagger/src/dp1/mock/mock/v4/error/ErrorResponse.java
[INFO] writing file /Users/nitin.mangotra/ntnx-api-golang-mock-pc/golang-mock-api-codegen/golang-mock-java-dto-definitions/target/generated-sources/swagger/src/dp1/mock/mock/v4/error/MessageSeverity.java
[INFO] writing file /Users/nitin.mangotra/ntnx-api-golang-mock-pc/golang-mock-api-codegen/golang-mock-java-dto-definitions/target/generated-sources/swagger/src/dp1/mock/mock/v4/error/SchemaValidationError.java
[INFO] writing file /Users/nitin.mangotra/ntnx-api-golang-mock-pc/golang-mock-api-codegen/golang-mock-java-dto-definitions/target/generated-sources/swagger/src/dp1/mock/mock/v4/error/SchemaValidationErrorMessage.java
[INFO] 
[INFO] --- build-helper:3.0.0:add-source (add-source) @ golang-mock-java-dto-definitions ---
[INFO] Source directory: /Users/nitin.mangotra/ntnx-api-golang-mock-pc/golang-mock-api-codegen/golang-mock-java-dto-definitions/target/generated-sources/swagger/src added.
[INFO] 
[INFO] --- resources:3.3.1:resources (default-resources) @ golang-mock-java-dto-definitions ---
[INFO] skip non existing resourceDirectory /Users/nitin.mangotra/ntnx-api-golang-mock-pc/golang-mock-api-codegen/golang-mock-java-dto-definitions/src/main/resources
[INFO] 
[INFO] --- compiler:3.13.0:compile (default-compile) @ golang-mock-java-dto-definitions ---
[INFO] Recompiling the module because of changed source code.
[INFO] Compiling 20 source files with javac [debug target 21] to target/classes
[INFO] Annotation processing is enabled because one or more processors were found
  on the class path. A future release of javac may disable annotation processing
  unless at least one processor is specified by name (-processor), or a search
  path is specified (--processor-path, --processor-module-path), or annotation
  processing is enabled explicitly (-proc:only, -proc:full).
  Use -Xlint:-options to suppress this message.
  Use -proc:none to disable annotation processing.
[WARNING] /Users/nitin.mangotra/ntnx-api-golang-mock-pc/golang-mock-api-codegen/golang-mock-java-dto-definitions/target/generated-sources/swagger/src/dp1/mock/mock/v4/error/ErrorResponse.java:[109,5] Not generating get$errorItemDiscriminator(): A method with that name already exists
[WARNING] /Users/nitin.mangotra/ntnx-api-golang-mock-pc/golang-mock-api-codegen/golang-mock-java-dto-definitions/target/generated-sources/swagger/src/dp1/mock/mock/v4/config/ListCatsApiResponse.java:[107,5] Not generating get$dataItemDiscriminator(): A method with that name already exists
[INFO] /Users/nitin.mangotra/ntnx-api-golang-mock-pc/golang-mock-api-codegen/golang-mock-java-dto-definitions/target/generated-sources/swagger/src/dp1/mock/deserializers/MockOneOfDeserializer.java: /Users/nitin.mangotra/ntnx-api-golang-mock-pc/golang-mock-api-codegen/golang-mock-java-dto-definitions/target/generated-sources/swagger/src/dp1/mock/deserializers/MockOneOfDeserializer.java uses or overrides a deprecated API.
[INFO] /Users/nitin.mangotra/ntnx-api-golang-mock-pc/golang-mock-api-codegen/golang-mock-java-dto-definitions/target/generated-sources/swagger/src/dp1/mock/deserializers/MockOneOfDeserializer.java: Recompile with -Xlint:deprecation for details.
[INFO] /Users/nitin.mangotra/ntnx-api-golang-mock-pc/golang-mock-api-codegen/golang-mock-java-dto-definitions/target/generated-sources/swagger/src/dp1/mock/mock/v4/config/ListCatsApiResponse.java: Some input files use unchecked or unsafe operations.
[INFO] /Users/nitin.mangotra/ntnx-api-golang-mock-pc/golang-mock-api-codegen/golang-mock-java-dto-definitions/target/generated-sources/swagger/src/dp1/mock/mock/v4/config/ListCatsApiResponse.java: Recompile with -Xlint:unchecked for details.
[INFO] 
[INFO] --- resources:3.3.1:testResources (default-testResources) @ golang-mock-java-dto-definitions ---
[INFO] skip non existing resourceDirectory /Users/nitin.mangotra/ntnx-api-golang-mock-pc/golang-mock-api-codegen/golang-mock-java-dto-definitions/src/test/resources
[INFO] 
[INFO] --- compiler:3.13.0:testCompile (default-testCompile) @ golang-mock-java-dto-definitions ---
[INFO] No sources to compile
[INFO] 
[INFO] --- surefire:3.1.2:test (default-test) @ golang-mock-java-dto-definitions ---
[INFO] Tests are skipped.
[INFO] 
[INFO] --- jacoco:0.8.11:report (report) @ golang-mock-java-dto-definitions ---
[INFO] Skipping JaCoCo execution due to missing execution data file.
[INFO] 
[INFO] --- jar:3.4.1:jar (default-jar) @ golang-mock-java-dto-definitions ---
[INFO] Building jar: /Users/nitin.mangotra/ntnx-api-golang-mock-pc/golang-mock-api-codegen/golang-mock-java-dto-definitions/target/golang-mock-java-dto-definitions-17.0.0-SNAPSHOT.jar
[INFO] 
[INFO] >>> source:3.3.1:jar (attach-sources) > generate-sources @ golang-mock-java-dto-definitions >>>
[INFO] 
[INFO] --- dependency:3.7.0:unpack (unpack) @ golang-mock-java-dto-definitions ---
[INFO] Configured Artifact: com.nutanix.nutanix-core.ntnx-api.golang-mock-pc:golang-mock-api-definitions:17.0.0-SNAPSHOT:tgz
[INFO] Expanding: /Users/nitin.mangotra/ntnx-api-golang-mock-pc/golang-mock-api-definitions/target/golang-mock-api-definitions-17.0.0-SNAPSHOT.tgz into /Users/nitin.mangotra/ntnx-api-golang-mock-pc/golang-mock-api-codegen/golang-mock-java-dto-definitions/target
[INFO] 
[INFO] --- jacoco:0.8.11:prepare-agent (default) @ golang-mock-java-dto-definitions ---
[INFO] argLine set to -javaagent:/Users/nitin.mangotra/.m2/repository/org/jacoco/org.jacoco.agent/0.8.11/org.jacoco.agent-0.8.11-runtime.jar=destfile=/Users/nitin.mangotra/ntnx-api-golang-mock-pc/golang-mock-api-codegen/golang-mock-java-dto-definitions/target/jacoco.exec
[INFO] 
[INFO] --- swagger-codegen:3.0.10:generate (default) @ golang-mock-java-dto-definitions ---
[INFO] No .swagger-codegen-ignore file found.
[INFO] writing file /Users/nitin.mangotra/ntnx-api-golang-mock-pc/golang-mock-api-codegen/golang-mock-java-dto-definitions/target/generated-sources/swagger/src/dp1/mock/deserializers/MockObjectTypeTypedObjectDeserializer.java
[INFO] writing file /Users/nitin.mangotra/ntnx-api-golang-mock-pc/golang-mock-api-codegen/golang-mock-java-dto-definitions/target/generated-sources/swagger/src/dp1/mock/deserializers/MockObjectTypeTypedObject.java
[INFO] writing file /Users/nitin.mangotra/ntnx-api-golang-mock-pc/golang-mock-api-codegen/golang-mock-java-dto-definitions/target/generated-sources/swagger/src/dp1/mock/deserializers/MockCaseInsensitiveEnumDeserializer.java
[INFO] writing file /Users/nitin.mangotra/ntnx-api-golang-mock-pc/golang-mock-api-codegen/golang-mock-java-dto-definitions/target/generated-sources/swagger/src/dp1/mock/deserializers/MockOneOfDeserializer.java
[INFO] writing file /Users/nitin.mangotra/ntnx-api-golang-mock-pc/golang-mock-api-codegen/golang-mock-java-dto-definitions/target/generated-sources/swagger/src/dp1/mock/serializers/MockOneOfSerializer.java
[INFO] writing file /Users/nitin.mangotra/ntnx-api-golang-mock-pc/golang-mock-api-codegen/golang-mock-java-dto-definitions/target/generated-sources/swagger/src/dp1/mock/deserializers/MockDeserializerUtils.java
[INFO] writing file /Users/nitin.mangotra/ntnx-api-golang-mock-pc/golang-mock-api-codegen/golang-mock-java-dto-definitions/target/generated-sources/swagger/src/dp1/mock/models/MockAbstractBoundedMap.java
[INFO] writing file /Users/nitin.mangotra/ntnx-api-golang-mock-pc/golang-mock-api-codegen/golang-mock-java-dto-definitions/target/generated-sources/swagger/src/dp1/mock/annotations/MockJsonSerializer.java
[INFO] writing file /Users/nitin.mangotra/ntnx-api-golang-mock-pc/golang-mock-api-codegen/golang-mock-java-dto-definitions/target/generated-sources/swagger/src/dp1/mock/annotations/MockJsonDeserializer.java
[INFO] writing file /Users/nitin.mangotra/ntnx-api-golang-mock-pc/golang-mock-api-codegen/golang-mock-java-dto-definitions/target/generated-sources/swagger/src/dp1/mock/serializers/MockComplexListSerializer.java
[INFO] writing file /Users/nitin.mangotra/ntnx-api-golang-mock-pc/golang-mock-api-codegen/golang-mock-java-dto-definitions/target/generated-sources/swagger/src/dp1/mock/serializers/MockSerializerUtils.java
[INFO] writing file /Users/nitin.mangotra/ntnx-api-golang-mock-pc/golang-mock-api-codegen/golang-mock-java-dto-definitions/target/generated-sources/swagger/src/dp1/mock/mock/v4/error/package.html
[INFO] writing file /Users/nitin.mangotra/ntnx-api-golang-mock-pc/golang-mock-api-codegen/golang-mock-java-dto-definitions/target/generated-sources/swagger/src/dp1/mock/mock/v4/config/Cat.java
[INFO] writing file /Users/nitin.mangotra/ntnx-api-golang-mock-pc/golang-mock-api-codegen/golang-mock-java-dto-definitions/target/generated-sources/swagger/src/dp1/mock/mock/v4/config/Country.java
[INFO] writing file /Users/nitin.mangotra/ntnx-api-golang-mock-pc/golang-mock-api-codegen/golang-mock-java-dto-definitions/target/generated-sources/swagger/src/dp1/mock/mock/v4/config/ListCatsApiResponse.java
[INFO] writing file /Users/nitin.mangotra/ntnx-api-golang-mock-pc/golang-mock-api-codegen/golang-mock-java-dto-definitions/target/generated-sources/swagger/src/dp1/mock/mock/v4/config/Location.java
[INFO] writing file /Users/nitin.mangotra/ntnx-api-golang-mock-pc/golang-mock-api-codegen/golang-mock-java-dto-definitions/target/generated-sources/swagger/src/dp1/mock/mock/v4/error/AppMessage.java
[INFO] writing file /Users/nitin.mangotra/ntnx-api-golang-mock-pc/golang-mock-api-codegen/golang-mock-java-dto-definitions/target/generated-sources/swagger/src/dp1/mock/mock/v4/error/ErrorResponse.java
[INFO] writing file /Users/nitin.mangotra/ntnx-api-golang-mock-pc/golang-mock-api-codegen/golang-mock-java-dto-definitions/target/generated-sources/swagger/src/dp1/mock/mock/v4/error/MessageSeverity.java
[INFO] writing file /Users/nitin.mangotra/ntnx-api-golang-mock-pc/golang-mock-api-codegen/golang-mock-java-dto-definitions/target/generated-sources/swagger/src/dp1/mock/mock/v4/error/SchemaValidationError.java
[INFO] writing file /Users/nitin.mangotra/ntnx-api-golang-mock-pc/golang-mock-api-codegen/golang-mock-java-dto-definitions/target/generated-sources/swagger/src/dp1/mock/mock/v4/error/SchemaValidationErrorMessage.java
[INFO] 
[INFO] --- build-helper:3.0.0:add-source (add-source) @ golang-mock-java-dto-definitions ---
[INFO] Source directory: /Users/nitin.mangotra/ntnx-api-golang-mock-pc/golang-mock-api-codegen/golang-mock-java-dto-definitions/target/generated-sources/swagger/src added.
[INFO] 
[INFO] <<< source:3.3.1:jar (attach-sources) < generate-sources @ golang-mock-java-dto-definitions <<<
[INFO] 
[INFO] 
[INFO] --- source:3.3.1:jar (attach-sources) @ golang-mock-java-dto-definitions ---
[INFO] Building jar: /Users/nitin.mangotra/ntnx-api-golang-mock-pc/golang-mock-api-codegen/golang-mock-java-dto-definitions/target/golang-mock-java-dto-definitions-17.0.0-SNAPSHOT-sources.jar
[INFO] 
[INFO] --- install:3.1.2:install (default-install) @ golang-mock-java-dto-definitions ---
[INFO] Installing /Users/nitin.mangotra/ntnx-api-golang-mock-pc/golang-mock-api-codegen/golang-mock-java-dto-definitions/pom.xml to /Users/nitin.mangotra/.m2/repository/com/nutanix/nutanix-core/ntnx-api/golang-mock-pc/golang-mock-java-dto-definitions/17.0.0-SNAPSHOT/golang-mock-java-dto-definitions-17.0.0-SNAPSHOT.pom
[INFO] Installing /Users/nitin.mangotra/ntnx-api-golang-mock-pc/golang-mock-api-codegen/golang-mock-java-dto-definitions/target/golang-mock-java-dto-definitions-17.0.0-SNAPSHOT.jar to /Users/nitin.mangotra/.m2/repository/com/nutanix/nutanix-core/ntnx-api/golang-mock-pc/golang-mock-java-dto-definitions/17.0.0-SNAPSHOT/golang-mock-java-dto-definitions-17.0.0-SNAPSHOT.jar
[INFO] Installing /Users/nitin.mangotra/ntnx-api-golang-mock-pc/golang-mock-api-codegen/golang-mock-java-dto-definitions/target/golang-mock-java-dto-definitions-17.0.0-SNAPSHOT-sources.jar to /Users/nitin.mangotra/.m2/repository/com/nutanix/nutanix-core/ntnx-api/golang-mock-pc/golang-mock-java-dto-definitions/17.0.0-SNAPSHOT/golang-mock-java-dto-definitions-17.0.0-SNAPSHOT-sources.jar
[INFO] 
[INFO] --< com.nutanix.nutanix-core.ntnx-api.golang-mock-pc:golang-mock-springmvc-interfaces >--
[INFO] Building Golang Mock API Spring MVC Interfaces 17.0.0-SNAPSHOT    [5/11]
[INFO]   from golang-mock-api-codegen/golang-mock-springmvc-interfaces/pom.xml
[INFO] --------------------------------[ jar ]---------------------------------
[INFO] 
[INFO] --- clean:3.2.0:clean (default-clean) @ golang-mock-springmvc-interfaces ---
[INFO] Deleting /Users/nitin.mangotra/ntnx-api-golang-mock-pc/golang-mock-api-codegen/golang-mock-springmvc-interfaces/target
[INFO] 
[INFO] --- dependency:3.7.0:unpack (unpack) @ golang-mock-springmvc-interfaces ---
[INFO] Configured Artifact: com.nutanix.nutanix-core.ntnx-api.golang-mock-pc:golang-mock-api-definitions:17.0.0-SNAPSHOT:tgz
[INFO] Expanding: /Users/nitin.mangotra/ntnx-api-golang-mock-pc/golang-mock-api-definitions/target/golang-mock-api-definitions-17.0.0-SNAPSHOT.tgz into /Users/nitin.mangotra/ntnx-api-golang-mock-pc/golang-mock-api-codegen/golang-mock-springmvc-interfaces/target
[INFO] 
[INFO] --- jacoco:0.8.11:prepare-agent (default) @ golang-mock-springmvc-interfaces ---
[INFO] argLine set to -javaagent:/Users/nitin.mangotra/.m2/repository/org/jacoco/org.jacoco.agent/0.8.11/org.jacoco.agent-0.8.11-runtime.jar=destfile=/Users/nitin.mangotra/ntnx-api-golang-mock-pc/golang-mock-api-codegen/golang-mock-springmvc-interfaces/target/jacoco.exec
[INFO] 
[INFO] --- swagger-codegen:3.0.10:generate (default) @ golang-mock-springmvc-interfaces ---
[WARNING] Output directory does not exist, or is inaccessible. No file (.swagger-codegen-ignore) will be evaluated.
[INFO] writing file /Users/nitin.mangotra/ntnx-api-golang-mock-pc/golang-mock-api-codegen/golang-mock-springmvc-interfaces/target/generated-sources/swagger/src/mock/v4/config/CatApiControllerInterface.java
[INFO] 
[INFO] --- build-helper:3.0.0:add-source (add-source) @ golang-mock-springmvc-interfaces ---
[INFO] Source directory: /Users/nitin.mangotra/ntnx-api-golang-mock-pc/golang-mock-api-codegen/golang-mock-springmvc-interfaces/target/generated-sources/swagger/src added.
[INFO] 
[INFO] --- resources:3.3.1:resources (default-resources) @ golang-mock-springmvc-interfaces ---
[INFO] skip non existing resourceDirectory /Users/nitin.mangotra/ntnx-api-golang-mock-pc/golang-mock-api-codegen/golang-mock-springmvc-interfaces/src/main/resources
[INFO] 
[INFO] --- compiler:3.13.0:compile (default-compile) @ golang-mock-springmvc-interfaces ---
[INFO] Recompiling the module because of changed dependency.
[INFO] Compiling 1 source file with javac [debug target 21] to target/classes
[INFO] Annotation processing is enabled because one or more processors were found
  on the class path. A future release of javac may disable annotation processing
  unless at least one processor is specified by name (-processor), or a search
  path is specified (--processor-path, --processor-module-path), or annotation
  processing is enabled explicitly (-proc:only, -proc:full).
  Use -Xlint:-options to suppress this message.
  Use -proc:none to disable annotation processing.
[INFO] 
[INFO] --- resources:3.3.1:testResources (default-testResources) @ golang-mock-springmvc-interfaces ---
[INFO] skip non existing resourceDirectory /Users/nitin.mangotra/ntnx-api-golang-mock-pc/golang-mock-api-codegen/golang-mock-springmvc-interfaces/src/test/resources
[INFO] 
[INFO] --- compiler:3.13.0:testCompile (default-testCompile) @ golang-mock-springmvc-interfaces ---
[INFO] No sources to compile
[INFO] 
[INFO] --- surefire:3.1.2:test (default-test) @ golang-mock-springmvc-interfaces ---
[INFO] Tests are skipped.
[INFO] 
[INFO] --- jacoco:0.8.11:report (report) @ golang-mock-springmvc-interfaces ---
[INFO] Skipping JaCoCo execution due to missing execution data file.
[INFO] 
[INFO] --- jar:3.4.1:jar (default-jar) @ golang-mock-springmvc-interfaces ---
[INFO] Building jar: /Users/nitin.mangotra/ntnx-api-golang-mock-pc/golang-mock-api-codegen/golang-mock-springmvc-interfaces/target/golang-mock-springmvc-interfaces-17.0.0-SNAPSHOT.jar
[INFO] 
[INFO] --- install:3.1.2:install (default-install) @ golang-mock-springmvc-interfaces ---
[INFO] Installing /Users/nitin.mangotra/ntnx-api-golang-mock-pc/golang-mock-api-codegen/golang-mock-springmvc-interfaces/pom.xml to /Users/nitin.mangotra/.m2/repository/com/nutanix/nutanix-core/ntnx-api/golang-mock-pc/golang-mock-springmvc-interfaces/17.0.0-SNAPSHOT/golang-mock-springmvc-interfaces-17.0.0-SNAPSHOT.pom
[INFO] Installing /Users/nitin.mangotra/ntnx-api-golang-mock-pc/golang-mock-api-codegen/golang-mock-springmvc-interfaces/target/golang-mock-springmvc-interfaces-17.0.0-SNAPSHOT.jar to /Users/nitin.mangotra/.m2/repository/com/nutanix/nutanix-core/ntnx-api/golang-mock-pc/golang-mock-springmvc-interfaces/17.0.0-SNAPSHOT/golang-mock-springmvc-interfaces-17.0.0-SNAPSHOT.jar
[INFO] 
[INFO] --< com.nutanix.nutanix-core.ntnx-api.golang-mock-pc:golang-mock-go-dto-definitions >--
[INFO] Building Golang Mock Go DTO Definitions 17.0.0-SNAPSHOT           [6/11]
[INFO]   from golang-mock-api-codegen/golang-mock-go-dto-definitions/pom.xml
[INFO] --------------------------------[ jar ]---------------------------------
[INFO] 
[INFO] --- clean:3.2.0:clean (default-clean) @ golang-mock-go-dto-definitions ---
[INFO] Deleting /Users/nitin.mangotra/ntnx-api-golang-mock-pc/golang-mock-api-codegen/golang-mock-go-dto-definitions/target
[INFO] 
[INFO] --- dependency:3.7.0:unpack (unpack) @ golang-mock-go-dto-definitions ---
[INFO] Configured Artifact: com.nutanix.nutanix-core.ntnx-api.golang-mock-pc:golang-mock-api-definitions:17.0.0-SNAPSHOT:tgz
[INFO] Expanding: /Users/nitin.mangotra/ntnx-api-golang-mock-pc/golang-mock-api-definitions/target/golang-mock-api-definitions-17.0.0-SNAPSHOT.tgz into /Users/nitin.mangotra/ntnx-api-golang-mock-pc/golang-mock-api-codegen/golang-mock-go-dto-definitions/target
[INFO] 
[INFO] --- jacoco:0.8.11:prepare-agent (default) @ golang-mock-go-dto-definitions ---
[INFO] argLine set to -javaagent:/Users/nitin.mangotra/.m2/repository/org/jacoco/org.jacoco.agent/0.8.11/org.jacoco.agent-0.8.11-runtime.jar=destfile=/Users/nitin.mangotra/ntnx-api-golang-mock-pc/golang-mock-api-codegen/golang-mock-go-dto-definitions/target/jacoco.exec
[INFO] 
[INFO] --- swagger-codegen:3.0.10:generate (default) @ golang-mock-go-dto-definitions ---
[INFO] No .swagger-codegen-ignore file found.
[INFO] writing file /Users/nitin.mangotra/ntnx-api-golang-mock-pc/golang-mock-api-codegen/golang-mock-go-dto-definitions/../../generated-code/dto/src/models/mock/v4/config/config_model.go
[INFO] writing file /Users/nitin.mangotra/ntnx-api-golang-mock-pc/golang-mock-api-codegen/golang-mock-go-dto-definitions/../../generated-code/dto/src/models/mock/v4/config/config_model.go
[INFO] writing file /Users/nitin.mangotra/ntnx-api-golang-mock-pc/golang-mock-api-codegen/golang-mock-go-dto-definitions/../../generated-code/dto/src/models/mock/v4/error/error_model.go
[INFO] writing file /Users/nitin.mangotra/ntnx-api-golang-mock-pc/golang-mock-api-codegen/golang-mock-go-dto-definitions/../../generated-code/dto/src/models/mock/v4/error/error_model.go
[INFO] 
[INFO] --- resources:3.3.1:resources (default-resources) @ golang-mock-go-dto-definitions ---
[INFO] skip non existing resourceDirectory /Users/nitin.mangotra/ntnx-api-golang-mock-pc/golang-mock-api-codegen/golang-mock-go-dto-definitions/src/main/resources
[INFO] 
[INFO] --- compiler:3.13.0:compile (default-compile) @ golang-mock-go-dto-definitions ---
[INFO] No sources to compile
[INFO] 
[INFO] --- resources:3.3.1:testResources (default-testResources) @ golang-mock-go-dto-definitions ---
[INFO] skip non existing resourceDirectory /Users/nitin.mangotra/ntnx-api-golang-mock-pc/golang-mock-api-codegen/golang-mock-go-dto-definitions/src/test/resources
[INFO] 
[INFO] --- compiler:3.13.0:testCompile (default-testCompile) @ golang-mock-go-dto-definitions ---
[INFO] No sources to compile
[INFO] 
[INFO] --- surefire:3.1.2:test (default-test) @ golang-mock-go-dto-definitions ---
[INFO] Tests are skipped.
[INFO] 
[INFO] --- jacoco:0.8.11:report (report) @ golang-mock-go-dto-definitions ---
[INFO] Skipping JaCoCo execution due to missing execution data file.
[INFO] 
[INFO] --- jar:3.4.1:jar (default-jar) @ golang-mock-go-dto-definitions ---
[WARNING] JAR will be empty - no content was marked for inclusion!
[INFO] Building jar: /Users/nitin.mangotra/ntnx-api-golang-mock-pc/golang-mock-api-codegen/golang-mock-go-dto-definitions/target/golang-mock-go-dto-definitions-17.0.0-SNAPSHOT.jar
[INFO] 
[INFO] --- install:3.1.2:install (default-install) @ golang-mock-go-dto-definitions ---
[INFO] Installing /Users/nitin.mangotra/ntnx-api-golang-mock-pc/golang-mock-api-codegen/golang-mock-go-dto-definitions/pom.xml to /Users/nitin.mangotra/.m2/repository/com/nutanix/nutanix-core/ntnx-api/golang-mock-pc/golang-mock-go-dto-definitions/17.0.0-SNAPSHOT/golang-mock-go-dto-definitions-17.0.0-SNAPSHOT.pom
[INFO] Installing /Users/nitin.mangotra/ntnx-api-golang-mock-pc/golang-mock-api-codegen/golang-mock-go-dto-definitions/target/golang-mock-go-dto-definitions-17.0.0-SNAPSHOT.jar to /Users/nitin.mangotra/.m2/repository/com/nutanix/nutanix-core/ntnx-api/golang-mock-pc/golang-mock-go-dto-definitions/17.0.0-SNAPSHOT/golang-mock-go-dto-definitions-17.0.0-SNAPSHOT.jar
[INFO] 
[INFO] --< com.nutanix.nutanix-core.ntnx-api.golang-mock-pc:golang-mock-protobuf-messages >--
[INFO] Building Golang Mock Protocol Buffer Messages 17.0.0-SNAPSHOT     [7/11]
[INFO]   from golang-mock-api-codegen/golang-mock-protobuf-messages/pom.xml
[INFO] --------------------------------[ jar ]---------------------------------
[INFO] 
[INFO] --- clean:3.2.0:clean (default-clean) @ golang-mock-protobuf-messages ---
[INFO] Deleting /Users/nitin.mangotra/ntnx-api-golang-mock-pc/golang-mock-api-codegen/golang-mock-protobuf-messages/target
[INFO] 
[INFO] --- dependency:3.7.0:unpack (unpack) @ golang-mock-protobuf-messages ---
[INFO] Configured Artifact: com.nutanix.nutanix-core.ntnx-api.golang-mock-pc:golang-mock-api-definitions:17.0.0-SNAPSHOT:tgz
[INFO] Expanding: /Users/nitin.mangotra/ntnx-api-golang-mock-pc/golang-mock-api-definitions/target/golang-mock-api-definitions-17.0.0-SNAPSHOT.tgz into /Users/nitin.mangotra/ntnx-api-golang-mock-pc/golang-mock-api-codegen/golang-mock-protobuf-messages/target
[INFO] 
[INFO] --- jacoco:0.8.11:prepare-agent (default) @ golang-mock-protobuf-messages ---
[INFO] argLine set to -javaagent:/Users/nitin.mangotra/.m2/repository/org/jacoco/org.jacoco.agent/0.8.11/org.jacoco.agent-0.8.11-runtime.jar=destfile=/Users/nitin.mangotra/ntnx-api-golang-mock-pc/golang-mock-api-codegen/golang-mock-protobuf-messages/target/jacoco.exec
[INFO] 
[INFO] --- swagger-codegen:3.0.10:generate (default) @ golang-mock-protobuf-messages ---
[WARNING] Output directory does not exist, or is inaccessible. No file (.swagger-codegen-ignore) will be evaluated.
[WARNING] No error message bundle found.  Will not generate classes
java.io.FileNotFoundException: /Users/nitin.mangotra/ntnx-api-golang-mock-pc/golang-mock-api-codegen/golang-mock-protobuf-messages/target/appMessages.tar (No such file or directory)
    at java.io.FileInputStream.open0 (Native Method)
    at java.io.FileInputStream.open (FileInputStream.java:213)
    at java.io.FileInputStream.<init> (FileInputStream.java:152)
    at com.nutanix.swagger.codegen.utils.CodegenUtils.readErrorInfoFromTar (CodegenUtils.java:2007)
    at com.nutanix.swagger.codegen.generators.proto.AbstractProtoMessageGenerator.generateAppMessagesAsProtos (AbstractProtoMessageGenerator.java:154)
    at com.nutanix.swagger.codegen.generators.proto.AbstractProtoMessageGenerator.preprocessOpenAPI (AbstractProtoMessageGenerator.java:145)
    at io.swagger.codegen.v3.DefaultGenerator.configureGeneratorProperties (DefaultGenerator.java:204)
    at io.swagger.codegen.v3.DefaultGenerator.generate (DefaultGenerator.java:767)
    at io.swagger.codegen.v3.maven.plugin.CodeGenMojo.execute (CodeGenMojo.java:547)
    at org.apache.maven.plugin.DefaultBuildPluginManager.executeMojo (DefaultBuildPluginManager.java:126)
    at org.apache.maven.lifecycle.internal.MojoExecutor.doExecute2 (MojoExecutor.java:328)
    at org.apache.maven.lifecycle.internal.MojoExecutor.doExecute (MojoExecutor.java:316)
    at org.apache.maven.lifecycle.internal.MojoExecutor.execute (MojoExecutor.java:212)
    at org.apache.maven.lifecycle.internal.MojoExecutor.execute (MojoExecutor.java:174)
    at org.apache.maven.lifecycle.internal.MojoExecutor.access$000 (MojoExecutor.java:75)
    at org.apache.maven.lifecycle.internal.MojoExecutor$1.run (MojoExecutor.java:162)
    at org.apache.maven.plugin.DefaultMojosExecutionStrategy.execute (DefaultMojosExecutionStrategy.java:39)
    at org.apache.maven.lifecycle.internal.MojoExecutor.execute (MojoExecutor.java:159)
    at org.apache.maven.lifecycle.internal.LifecycleModuleBuilder.buildProject (LifecycleModuleBuilder.java:105)
    at org.apache.maven.lifecycle.internal.LifecycleModuleBuilder.buildProject (LifecycleModuleBuilder.java:73)
    at org.apache.maven.lifecycle.internal.builder.singlethreaded.SingleThreadedBuilder.build (SingleThreadedBuilder.java:53)
    at org.apache.maven.lifecycle.internal.LifecycleStarter.execute (LifecycleStarter.java:118)
    at org.apache.maven.DefaultMaven.doExecute (DefaultMaven.java:261)
    at org.apache.maven.DefaultMaven.doExecute (DefaultMaven.java:173)
    at org.apache.maven.DefaultMaven.execute (DefaultMaven.java:101)
    at org.apache.maven.cli.MavenCli.execute (MavenCli.java:906)
    at org.apache.maven.cli.MavenCli.doMain (MavenCli.java:283)
    at org.apache.maven.cli.MavenCli.main (MavenCli.java:206)
    at jdk.internal.reflect.DirectMethodHandleAccessor.invoke (DirectMethodHandleAccessor.java:103)
    at java.lang.reflect.Method.invoke (Method.java:580)
    at org.codehaus.plexus.classworlds.launcher.Launcher.launchEnhanced (Launcher.java:255)
    at org.codehaus.plexus.classworlds.launcher.Launcher.launch (Launcher.java:201)
    at org.codehaus.plexus.classworlds.launcher.Launcher.mainWithExitCode (Launcher.java:361)
    at org.codehaus.plexus.classworlds.launcher.Launcher.main (Launcher.java:314)
[WARNING] escapeUnsafeCharacters should be overridden in the code generator with proper logic to escape unsafe characters
[WARNING] escapeUnsafeCharacters should be overridden in the code generator with proper logic to escape unsafe characters
[WARNING] escapeUnsafeCharacters should be overridden in the code generator with proper logic to escape unsafe characters
[WARNING] escapeUnsafeCharacters should be overridden in the code generator with proper logic to escape unsafe characters
[WARNING] escapeUnsafeCharacters should be overridden in the code generator with proper logic to escape unsafe characters
[WARNING] escapeUnsafeCharacters should be overridden in the code generator with proper logic to escape unsafe characters
[WARNING] escapeUnsafeCharacters should be overridden in the code generator with proper logic to escape unsafe characters
[WARNING] escapeUnsafeCharacters should be overridden in the code generator with proper logic to escape unsafe characters
[WARNING] escapeUnsafeCharacters should be overridden in the code generator with proper logic to escape unsafe characters
[WARNING] escapeUnsafeCharacters should be overridden in the code generator with proper logic to escape unsafe characters
[WARNING] escapeUnsafeCharacters should be overridden in the code generator with proper logic to escape unsafe characters
[WARNING] escapeUnsafeCharacters should be overridden in the code generator with proper logic to escape unsafe characters
[WARNING] escapeUnsafeCharacters should be overridden in the code generator with proper logic to escape unsafe characters
[WARNING] $reserved:null[null] not found in identifier list of schema item [$reserved]
[WARNING] Entity identifier hint for property [$reserved] not found in extensions of schema [mock.v4.config.Cat]
[WARNING] $objectType:null[null] not found in identifier list of schema item [$objectType]
[WARNING] Entity identifier hint for property [$objectType] not found in extensions of schema [mock.v4.config.Cat]
[WARNING] $unknownFields:null[null] not found in identifier list of schema item [$unknownFields]
[WARNING] Entity identifier hint for property [$unknownFields] not found in extensions of schema [mock.v4.config.Cat]
[WARNING] escapeUnsafeCharacters should be overridden in the code generator with proper logic to escape unsafe characters
[WARNING] escapeUnsafeCharacters should be overridden in the code generator with proper logic to escape unsafe characters
[WARNING] escapeUnsafeCharacters should be overridden in the code generator with proper logic to escape unsafe characters
[WARNING] $reserved:null[null] not found in identifier list of schema item [$reserved]
[WARNING] Entity identifier hint for property [$reserved] not found in extensions of schema [mock.v4.config.Location]
[WARNING] $objectType:null[null] not found in identifier list of schema item [$objectType]
[WARNING] Entity identifier hint for property [$objectType] not found in extensions of schema [mock.v4.config.Location]
[WARNING] $unknownFields:null[null] not found in identifier list of schema item [$unknownFields]
[WARNING] Entity identifier hint for property [$unknownFields] not found in extensions of schema [mock.v4.config.Location]
[WARNING] escapeUnsafeCharacters should be overridden in the code generator with proper logic to escape unsafe characters
[WARNING] escapeUnsafeCharacters should be overridden in the code generator with proper logic to escape unsafe characters
[WARNING] $reserved:null[null] not found in identifier list of schema item [$reserved]
[WARNING] Entity identifier hint for property [$reserved] not found in extensions of schema [mock.v4.config.Country]
[WARNING] $objectType:null[null] not found in identifier list of schema item [$objectType]
[WARNING] Entity identifier hint for property [$objectType] not found in extensions of schema [mock.v4.config.Country]
[WARNING] $unknownFields:null[null] not found in identifier list of schema item [$unknownFields]
[WARNING] Entity identifier hint for property [$unknownFields] not found in extensions of schema [mock.v4.config.Country]
[WARNING] escapeUnsafeCharacters should be overridden in the code generator with proper logic to escape unsafe characters
[WARNING] escapeUnsafeCharacters should be overridden in the code generator with proper logic to escape unsafe characters
[WARNING] escapeUnsafeCharacters should be overridden in the code generator with proper logic to escape unsafe characters
[WARNING] escapeUnsafeCharacters should be overridden in the code generator with proper logic to escape unsafe characters
[WARNING] escapeUnsafeCharacters should be overridden in the code generator with proper logic to escape unsafe characters
[WARNING] escapeUnsafeCharacters should be overridden in the code generator with proper logic to escape unsafe characters
[WARNING] escapeUnsafeCharacters should be overridden in the code generator with proper logic to escape unsafe characters
[WARNING] $reserved:null[null] not found in identifier list of schema item [$reserved]
[WARNING] Entity identifier hint for property [$reserved] not found in extensions of schema [mock.v4.error.AppMessage]
[WARNING] $objectType:null[null] not found in identifier list of schema item [$objectType]
[WARNING] Entity identifier hint for property [$objectType] not found in extensions of schema [mock.v4.error.AppMessage]
[WARNING] $unknownFields:null[null] not found in identifier list of schema item [$unknownFields]
[WARNING] Entity identifier hint for property [$unknownFields] not found in extensions of schema [mock.v4.error.AppMessage]
[WARNING] escapeUnsafeCharacters should be overridden in the code generator with proper logic to escape unsafe characters
[WARNING] escapeUnsafeCharacters should be overridden in the code generator with proper logic to escape unsafe characters
[WARNING] escapeUnsafeCharacters should be overridden in the code generator with proper logic to escape unsafe characters
[WARNING] escapeUnsafeCharacters should be overridden in the code generator with proper logic to escape unsafe characters
[WARNING] escapeUnsafeCharacters should be overridden in the code generator with proper logic to escape unsafe characters
[WARNING] escapeUnsafeCharacters should be overridden in the code generator with proper logic to escape unsafe characters
[WARNING] escapeUnsafeCharacters should be overridden in the code generator with proper logic to escape unsafe characters
[WARNING] $reserved:null[null] not found in identifier list of schema item [$reserved]
[WARNING] Entity identifier hint for property [$reserved] not found in extensions of schema [mock.v4.error.SchemaValidationError]
[WARNING] $objectType:null[null] not found in identifier list of schema item [$objectType]
[WARNING] Entity identifier hint for property [$objectType] not found in extensions of schema [mock.v4.error.SchemaValidationError]
[WARNING] $unknownFields:null[null] not found in identifier list of schema item [$unknownFields]
[WARNING] Entity identifier hint for property [$unknownFields] not found in extensions of schema [mock.v4.error.SchemaValidationError]
[WARNING] escapeUnsafeCharacters should be overridden in the code generator with proper logic to escape unsafe characters
[WARNING] escapeUnsafeCharacters should be overridden in the code generator with proper logic to escape unsafe characters
[WARNING] escapeUnsafeCharacters should be overridden in the code generator with proper logic to escape unsafe characters
[WARNING] escapeUnsafeCharacters should be overridden in the code generator with proper logic to escape unsafe characters
[WARNING] $reserved:null[null] not found in identifier list of schema item [$reserved]
[WARNING] Entity identifier hint for property [$reserved] not found in extensions of schema [mock.v4.error.SchemaValidationErrorMessage]
[WARNING] $objectType:null[null] not found in identifier list of schema item [$objectType]
[WARNING] Entity identifier hint for property [$objectType] not found in extensions of schema [mock.v4.error.SchemaValidationErrorMessage]
[WARNING] $unknownFields:null[null] not found in identifier list of schema item [$unknownFields]
[WARNING] Entity identifier hint for property [$unknownFields] not found in extensions of schema [mock.v4.error.SchemaValidationErrorMessage]
[INFO] writing file /Users/nitin.mangotra/ntnx-api-golang-mock-pc/golang-mock-api-codegen/golang-mock-protobuf-messages/target/generated-sources/swagger/mock/v4/config/config.proto
[INFO] writing file /Users/nitin.mangotra/ntnx-api-golang-mock-pc/golang-mock-api-codegen/golang-mock-protobuf-messages/target/generated-sources/swagger/mock/v4/error/error.proto
[WARNING] escapeUnsafeCharacters should be overridden in the code generator with proper logic to escape unsafe characters
[INFO] 
[INFO] --- build-helper:3.0.0:add-source (add-source) @ golang-mock-protobuf-messages ---
[INFO] Source directory: /Users/nitin.mangotra/ntnx-api-golang-mock-pc/golang-mock-api-codegen/golang-mock-protobuf-messages/target/generated-sources added.
[INFO] 
[INFO] --- resources:3.3.1:resources (default-resources) @ golang-mock-protobuf-messages ---
[INFO] skip non existing resourceDirectory /Users/nitin.mangotra/ntnx-api-golang-mock-pc/golang-mock-api-codegen/golang-mock-protobuf-messages/src/main/resources
[INFO] 
[INFO] --- compiler:3.13.0:compile (default-compile) @ golang-mock-protobuf-messages ---
[INFO] Nothing to compile - all classes are up to date.
[INFO] 
[INFO] --- resources:3.3.1:testResources (default-testResources) @ golang-mock-protobuf-messages ---
[INFO] skip non existing resourceDirectory /Users/nitin.mangotra/ntnx-api-golang-mock-pc/golang-mock-api-codegen/golang-mock-protobuf-messages/src/test/resources
[INFO] 
[INFO] --- compiler:3.13.0:testCompile (default-testCompile) @ golang-mock-protobuf-messages ---
[INFO] No sources to compile
[INFO] 
[INFO] --- surefire:3.1.2:test (default-test) @ golang-mock-protobuf-messages ---
[INFO] Tests are skipped.
[INFO] 
[INFO] --- jacoco:0.8.11:report (report) @ golang-mock-protobuf-messages ---
[INFO] Skipping JaCoCo execution due to missing execution data file.
[INFO] 
[INFO] --- jar:3.4.1:jar (default-jar) @ golang-mock-protobuf-messages ---
[WARNING] JAR will be empty - no content was marked for inclusion!
[INFO] Building jar: /Users/nitin.mangotra/ntnx-api-golang-mock-pc/golang-mock-api-codegen/golang-mock-protobuf-messages/target/golang-mock-protobuf-messages-17.0.0-SNAPSHOT.jar
[INFO] 
[INFO] --- assembly:3.1.1:single (generate-tar-gz) @ golang-mock-protobuf-messages ---
[INFO] Reading assembly descriptor: /Users/nitin.mangotra/ntnx-api-golang-mock-pc/golang-mock-api-codegen/golang-mock-protobuf-messages/assembly/assembly.xml
[WARNING] The assembly descriptor contains a filesystem-root relative reference, which is not cross platform compatible /
[INFO] Building tar: /Users/nitin.mangotra/ntnx-api-golang-mock-pc/golang-mock-api-codegen/golang-mock-protobuf-messages/target/golang-mock-protobuf-messages-17.0.0-SNAPSHOT.tar.gz
[INFO] 
[INFO] --- install:3.1.2:install (default-install) @ golang-mock-protobuf-messages ---
[INFO] Installing /Users/nitin.mangotra/ntnx-api-golang-mock-pc/golang-mock-api-codegen/golang-mock-protobuf-messages/pom.xml to /Users/nitin.mangotra/.m2/repository/com/nutanix/nutanix-core/ntnx-api/golang-mock-pc/golang-mock-protobuf-messages/17.0.0-SNAPSHOT/golang-mock-protobuf-messages-17.0.0-SNAPSHOT.pom
[INFO] Installing /Users/nitin.mangotra/ntnx-api-golang-mock-pc/golang-mock-api-codegen/golang-mock-protobuf-messages/target/golang-mock-protobuf-messages-17.0.0-SNAPSHOT.jar to /Users/nitin.mangotra/.m2/repository/com/nutanix/nutanix-core/ntnx-api/golang-mock-pc/golang-mock-protobuf-messages/17.0.0-SNAPSHOT/golang-mock-protobuf-messages-17.0.0-SNAPSHOT.jar
[INFO] Installing /Users/nitin.mangotra/ntnx-api-golang-mock-pc/golang-mock-api-codegen/golang-mock-protobuf-messages/target/golang-mock-protobuf-messages-17.0.0-SNAPSHOT.tar.gz to /Users/nitin.mangotra/.m2/repository/com/nutanix/nutanix-core/ntnx-api/golang-mock-pc/golang-mock-protobuf-messages/17.0.0-SNAPSHOT/golang-mock-protobuf-messages-17.0.0-SNAPSHOT.tar.gz
[INFO] 
[INFO] --- exec:1.5.0:exec (publishCode) @ golang-mock-protobuf-messages ---
Publishing protobuf code...
Source: /Users/nitin.mangotra/ntnx-api-golang-mock-pc/golang-mock-api-codegen/golang-mock-protobuf-messages/scripts/../target/generated-sources
Output: /Users/nitin.mangotra/ntnx-api-golang-mock-pc/generated-code/protobuf
Copying generated protobuf files...
 Protobuf code published successfully
Compiling proto files to Go...
Compiling ./swagger/mock/v4/config/cat_service.proto...
mock/v4/config/config.proto: File not found.
swagger/mock/v4/config/cat_service.proto:15:1: Import "mock/v4/config/config.proto" was not found or had errors.
swagger/mock/v4/config/cat_service.proto:29:12: "Cat" is not defined.
swagger/mock/v4/config/cat_service.proto:40:3: "Cat" is not defined.
swagger/mock/v4/config/cat_service.proto:44:3: "Cat" is not defined.
swagger/mock/v4/config/cat_service.proto:48:3: "Cat" is not defined.
swagger/mock/v4/config/cat_service.proto:53:3: "Cat" is not defined.
swagger/mock/v4/config/cat_service.proto:57:3: "Cat" is not defined.
swagger/mock/v4/config/cat_service.proto:88:3: "Cat" is not defined.
Failed to compile ./swagger/mock/v4/config/cat_service.proto
Compiling ./swagger/mock/v4/config/config.proto...
mock/v4/error/error.proto: File not found.
swagger/mock/v4/config/config.proto:21:1: Import "mock/v4/error/error.proto" was not found or had errors.
swagger/mock/v4/config/config.proto:94:12: "mock.v4.error.ErrorResponse" is not defined.
Failed to compile ./swagger/mock/v4/config/config.proto
Compiling ./swagger/mock/v4/error/error.proto...
protoc-gen-go: program not found or is not executable
Please specify a program using absolute path or make sure the program is available in your PATH system variable
--go_out: protoc-gen-go: Plugin failed with status code 1.
Failed to compile ./swagger/mock/v4/error/error.proto
 Proto compilation complete
[INFO] 
[INFO] --< com.nutanix.nutanix-core.ntnx-api.golang-mock-pc:golang-mock-proto-to-java >--
[INFO] Building Golang Mock proto to Java classes 17.0.0-SNAPSHOT        [8/11]
[INFO]   from golang-mock-api-codegen/golang-mock-proto-to-java/pom.xml
[INFO] --------------------------------[ jar ]---------------------------------
[INFO] 
[INFO] --- clean:3.2.0:clean (default-clean) @ golang-mock-proto-to-java ---
[INFO] Deleting /Users/nitin.mangotra/ntnx-api-golang-mock-pc/golang-mock-api-codegen/golang-mock-proto-to-java/target
[INFO] 
[INFO] --- dependency:3.7.0:unpack (unpack) @ golang-mock-proto-to-java ---
[INFO] Configured Artifact: com.nutanix.nutanix-core.ntnx-api.golang-mock-pc:golang-mock-api-definitions:17.0.0-SNAPSHOT:tgz
[INFO] Expanding: /Users/nitin.mangotra/ntnx-api-golang-mock-pc/golang-mock-api-definitions/target/golang-mock-api-definitions-17.0.0-SNAPSHOT.tgz into /Users/nitin.mangotra/ntnx-api-golang-mock-pc/golang-mock-api-codegen/golang-mock-proto-to-java/target
[INFO] 
[INFO] --- antrun:1.8:run (default) @ golang-mock-proto-to-java ---
[INFO] Executing tasks

main:
     [copy] Copying 2 files to /Users/nitin.mangotra/ntnx-api-golang-mock-pc/golang-mock-api-codegen/golang-mock-proto-to-java/target/protobuf-messages
[INFO] Executed tasks
[INFO] 
[INFO] --- jacoco:0.8.11:prepare-agent (default) @ golang-mock-proto-to-java ---
[INFO] argLine set to -javaagent:/Users/nitin.mangotra/.m2/repository/org/jacoco/org.jacoco.agent/0.8.11/org.jacoco.agent-0.8.11-runtime.jar=destfile=/Users/nitin.mangotra/ntnx-api-golang-mock-pc/golang-mock-api-codegen/golang-mock-proto-to-java/target/jacoco.exec
[INFO] 
[INFO] --- protobuf:0.6.1:compile (default) @ golang-mock-proto-to-java ---
[INFO] Compiling 2 proto file(s) to /Users/nitin.mangotra/ntnx-api-golang-mock-pc/golang-mock-api-codegen/golang-mock-proto-to-java/target/generated-sources/protobuf/java
[INFO] 
[INFO] --- build-helper:3.0.0:add-source (add-sources) @ golang-mock-proto-to-java ---
[INFO] Source directory: /Users/nitin.mangotra/ntnx-api-golang-mock-pc/golang-mock-api-codegen/golang-mock-proto-to-java/target/generated-sources/protobuf/java added.
[INFO] 
[INFO] --- resources:3.3.1:resources (default-resources) @ golang-mock-proto-to-java ---
[INFO] skip non existing resourceDirectory /Users/nitin.mangotra/ntnx-api-golang-mock-pc/golang-mock-api-codegen/golang-mock-proto-to-java/src/main/resources
[INFO] Copying 2 resources from target/protobuf-messages to target/classes
[INFO] 
[INFO] --- compiler:3.13.0:compile (default-compile) @ golang-mock-proto-to-java ---
[INFO] Recompiling the module because of changed source code.
[INFO] Compiling 36 source files with javac [debug target 21] to target/classes
[INFO] /Users/nitin.mangotra/ntnx-api-golang-mock-pc/golang-mock-api-codegen/golang-mock-proto-to-java/target/generated-sources/protobuf/java/mock/v4/config/Cat.java: Some input files use or override a deprecated API.
[INFO] /Users/nitin.mangotra/ntnx-api-golang-mock-pc/golang-mock-api-codegen/golang-mock-proto-to-java/target/generated-sources/protobuf/java/mock/v4/config/Cat.java: Recompile with -Xlint:deprecation for details.
[INFO] 
[INFO] --- resources:3.3.1:testResources (default-testResources) @ golang-mock-proto-to-java ---
[INFO] skip non existing resourceDirectory /Users/nitin.mangotra/ntnx-api-golang-mock-pc/golang-mock-api-codegen/golang-mock-proto-to-java/src/test/resources
[INFO] 
[INFO] --- compiler:3.13.0:testCompile (default-testCompile) @ golang-mock-proto-to-java ---
[INFO] No sources to compile
[INFO] 
[INFO] --- surefire:3.1.2:test (default-test) @ golang-mock-proto-to-java ---
[INFO] Tests are skipped.
[INFO] 
[INFO] --- jacoco:0.8.11:report (report) @ golang-mock-proto-to-java ---
[INFO] Skipping JaCoCo execution due to missing execution data file.
[INFO] 
[INFO] --- jar:3.4.1:jar (default-jar) @ golang-mock-proto-to-java ---
[INFO] Building jar: /Users/nitin.mangotra/ntnx-api-golang-mock-pc/golang-mock-api-codegen/golang-mock-proto-to-java/target/golang-mock-proto-to-java-17.0.0-SNAPSHOT.jar
[INFO] 
[INFO] --- install:3.1.2:install (default-install) @ golang-mock-proto-to-java ---
[INFO] Installing /Users/nitin.mangotra/ntnx-api-golang-mock-pc/golang-mock-api-codegen/golang-mock-proto-to-java/pom.xml to /Users/nitin.mangotra/.m2/repository/com/nutanix/nutanix-core/ntnx-api/golang-mock-pc/golang-mock-proto-to-java/17.0.0-SNAPSHOT/golang-mock-proto-to-java-17.0.0-SNAPSHOT.pom
[INFO] Installing /Users/nitin.mangotra/ntnx-api-golang-mock-pc/golang-mock-api-codegen/golang-mock-proto-to-java/target/golang-mock-proto-to-java-17.0.0-SNAPSHOT.jar to /Users/nitin.mangotra/.m2/repository/com/nutanix/nutanix-core/ntnx-api/golang-mock-pc/golang-mock-proto-to-java/17.0.0-SNAPSHOT/golang-mock-proto-to-java-17.0.0-SNAPSHOT.jar
[INFO] 
[INFO] --< com.nutanix.nutanix-core.ntnx-api.golang-mock-pc:golang-mock-protobuf-services >--
[INFO] Building Golang Mock Protocol Buffer Services 17.0.0-SNAPSHOT     [9/11]
[INFO]   from golang-mock-api-codegen/golang-mock-protobuf-services/pom.xml
[INFO] --------------------------------[ jar ]---------------------------------
[INFO] 
[INFO] --- clean:3.2.0:clean (default-clean) @ golang-mock-protobuf-services ---
[INFO] Deleting /Users/nitin.mangotra/ntnx-api-golang-mock-pc/golang-mock-api-codegen/golang-mock-protobuf-services/target
[INFO] 
[INFO] --- dependency:3.7.0:unpack (unpack) @ golang-mock-protobuf-services ---
[INFO] Configured Artifact: com.nutanix.nutanix-core.ntnx-api.golang-mock-pc:golang-mock-api-definitions:17.0.0-SNAPSHOT:tgz
[INFO] Expanding: /Users/nitin.mangotra/ntnx-api-golang-mock-pc/golang-mock-api-definitions/target/golang-mock-api-definitions-17.0.0-SNAPSHOT.tgz into /Users/nitin.mangotra/ntnx-api-golang-mock-pc/golang-mock-api-codegen/golang-mock-protobuf-services/target
[INFO] 
[INFO] --- jacoco:0.8.11:prepare-agent (default) @ golang-mock-protobuf-services ---
[INFO] argLine set to -javaagent:/Users/nitin.mangotra/.m2/repository/org/jacoco/org.jacoco.agent/0.8.11/org.jacoco.agent-0.8.11-runtime.jar=destfile=/Users/nitin.mangotra/ntnx-api-golang-mock-pc/golang-mock-api-codegen/golang-mock-protobuf-services/target/jacoco.exec
[INFO] 
[INFO] --- swagger-codegen:3.0.10:generate (default) @ golang-mock-protobuf-services ---
[WARNING] Output directory does not exist, or is inaccessible. No file (.swagger-codegen-ignore) will be evaluated.
[WARNING] escapeUnsafeCharacters should be overridden in the code generator with proper logic to escape unsafe characters
[WARNING] escapeUnsafeCharacters should be overridden in the code generator with proper logic to escape unsafe characters
[WARNING] escapeUnsafeCharacters should be overridden in the code generator with proper logic to escape unsafe characters
[WARNING] escapeUnsafeCharacters should be overridden in the code generator with proper logic to escape unsafe characters
[WARNING] escapeUnsafeCharacters should be overridden in the code generator with proper logic to escape unsafe characters
[WARNING] escapeUnsafeCharacters should be overridden in the code generator with proper logic to escape unsafe characters
[WARNING] escapeUnsafeCharacters should be overridden in the code generator with proper logic to escape unsafe characters
[WARNING] escapeUnsafeCharacters should be overridden in the code generator with proper logic to escape unsafe characters
[WARNING] escapeUnsafeCharacters should be overridden in the code generator with proper logic to escape unsafe characters
[WARNING] escapeQuotationMark should be overridden in the code generator with proper logic to escape single/double quote
[WARNING] escapeUnsafeCharacters should be overridden in the code generator with proper logic to escape unsafe characters
[WARNING] escapeUnsafeCharacters should be overridden in the code generator with proper logic to escape unsafe characters
[WARNING] escapeQuotationMark should be overridden in the code generator with proper logic to escape single/double quote
[WARNING] escapeUnsafeCharacters should be overridden in the code generator with proper logic to escape unsafe characters
[WARNING] escapeUnsafeCharacters should be overridden in the code generator with proper logic to escape unsafe characters
[WARNING] escapeQuotationMark should be overridden in the code generator with proper logic to escape single/double quote
[WARNING] escapeUnsafeCharacters should be overridden in the code generator with proper logic to escape unsafe characters
[WARNING] escapeUnsafeCharacters should be overridden in the code generator with proper logic to escape unsafe characters
[WARNING] escapeUnsafeCharacters should be overridden in the code generator with proper logic to escape unsafe characters
[WARNING] escapeUnsafeCharacters should be overridden in the code generator with proper logic to escape unsafe characters
[WARNING] escapeUnsafeCharacters should be overridden in the code generator with proper logic to escape unsafe characters
[WARNING] escapeUnsafeCharacters should be overridden in the code generator with proper logic to escape unsafe characters
[INFO] writing file /Users/nitin.mangotra/ntnx-api-golang-mock-pc/golang-mock-api-codegen/golang-mock-protobuf-services/target/generated-sources/swagger/mock/v4/http_method_options.proto
[INFO] writing file /Users/nitin.mangotra/ntnx-api-golang-mock-pc/golang-mock-api-codegen/golang-mock-protobuf-services/target/generated-sources/swagger/mock/v4/api_version.proto
[WARNING] Schema item [$page] does not provide property identifiers
[ERROR] Parameter [$page] does not have a proto index codegen hint
[ERROR] 
java.lang.RuntimeException: Could not generate api file for '__mock_v4_config__Cat'
    at io.swagger.codegen.v3.DefaultGenerator.generateApis (DefaultGenerator.java:569)
    at io.swagger.codegen.v3.DefaultGenerator.generate (DefaultGenerator.java:776)
    at io.swagger.codegen.v3.maven.plugin.CodeGenMojo.execute (CodeGenMojo.java:547)
    at org.apache.maven.plugin.DefaultBuildPluginManager.executeMojo (DefaultBuildPluginManager.java:126)
    at org.apache.maven.lifecycle.internal.MojoExecutor.doExecute2 (MojoExecutor.java:328)
    at org.apache.maven.lifecycle.internal.MojoExecutor.doExecute (MojoExecutor.java:316)
    at org.apache.maven.lifecycle.internal.MojoExecutor.execute (MojoExecutor.java:212)
    at org.apache.maven.lifecycle.internal.MojoExecutor.execute (MojoExecutor.java:174)
    at org.apache.maven.lifecycle.internal.MojoExecutor.access$000 (MojoExecutor.java:75)
    at org.apache.maven.lifecycle.internal.MojoExecutor$1.run (MojoExecutor.java:162)
    at org.apache.maven.plugin.DefaultMojosExecutionStrategy.execute (DefaultMojosExecutionStrategy.java:39)
    at org.apache.maven.lifecycle.internal.MojoExecutor.execute (MojoExecutor.java:159)
    at org.apache.maven.lifecycle.internal.LifecycleModuleBuilder.buildProject (LifecycleModuleBuilder.java:105)
    at org.apache.maven.lifecycle.internal.LifecycleModuleBuilder.buildProject (LifecycleModuleBuilder.java:73)
    at org.apache.maven.lifecycle.internal.builder.singlethreaded.SingleThreadedBuilder.build (SingleThreadedBuilder.java:53)
    at org.apache.maven.lifecycle.internal.LifecycleStarter.execute (LifecycleStarter.java:118)
    at org.apache.maven.DefaultMaven.doExecute (DefaultMaven.java:261)
    at org.apache.maven.DefaultMaven.doExecute (DefaultMaven.java:173)
    at org.apache.maven.DefaultMaven.execute (DefaultMaven.java:101)
    at org.apache.maven.cli.MavenCli.execute (MavenCli.java:906)
    at org.apache.maven.cli.MavenCli.doMain (MavenCli.java:283)
    at org.apache.maven.cli.MavenCli.main (MavenCli.java:206)
    at jdk.internal.reflect.DirectMethodHandleAccessor.invoke (DirectMethodHandleAccessor.java:103)
    at java.lang.reflect.Method.invoke (Method.java:580)
    at org.codehaus.plexus.classworlds.launcher.Launcher.launchEnhanced (Launcher.java:255)
    at org.codehaus.plexus.classworlds.launcher.Launcher.launch (Launcher.java:201)
    at org.codehaus.plexus.classworlds.launcher.Launcher.mainWithExitCode (Launcher.java:361)
    at org.codehaus.plexus.classworlds.launcher.Launcher.main (Launcher.java:314)
Caused by: java.lang.IllegalArgumentException: Parameter [$page] does not have a proto index codegen hint
    at com.nutanix.swagger.codegen.generators.proto.AbstractRpcServiceGenerator.lambda$postProcessOperations$2 (AbstractRpcServiceGenerator.java:486)
    at java.util.ArrayList.forEach (ArrayList.java:1596)
    at com.nutanix.swagger.codegen.generators.proto.AbstractRpcServiceGenerator.lambda$postProcessOperations$3 (AbstractRpcServiceGenerator.java:477)
    at java.util.ArrayList.forEach (ArrayList.java:1596)
    at com.nutanix.swagger.codegen.generators.proto.AbstractRpcServiceGenerator.postProcessOperations (AbstractRpcServiceGenerator.java:444)
    at io.swagger.codegen.v3.DefaultGenerator.processOperations (DefaultGenerator.java:984)
    at io.swagger.codegen.v3.DefaultGenerator.generateApis (DefaultGenerator.java:486)
    at io.swagger.codegen.v3.DefaultGenerator.generate (DefaultGenerator.java:776)
    at io.swagger.codegen.v3.maven.plugin.CodeGenMojo.execute (CodeGenMojo.java:547)
    at org.apache.maven.plugin.DefaultBuildPluginManager.executeMojo (DefaultBuildPluginManager.java:126)
    at org.apache.maven.lifecycle.internal.MojoExecutor.doExecute2 (MojoExecutor.java:328)
    at org.apache.maven.lifecycle.internal.MojoExecutor.doExecute (MojoExecutor.java:316)
    at org.apache.maven.lifecycle.internal.MojoExecutor.execute (MojoExecutor.java:212)
    at org.apache.maven.lifecycle.internal.MojoExecutor.execute (MojoExecutor.java:174)
    at org.apache.maven.lifecycle.internal.MojoExecutor.access$000 (MojoExecutor.java:75)
    at org.apache.maven.lifecycle.internal.MojoExecutor$1.run (MojoExecutor.java:162)
    at org.apache.maven.plugin.DefaultMojosExecutionStrategy.execute (DefaultMojosExecutionStrategy.java:39)
    at org.apache.maven.lifecycle.internal.MojoExecutor.execute (MojoExecutor.java:159)
    at org.apache.maven.lifecycle.internal.LifecycleModuleBuilder.buildProject (LifecycleModuleBuilder.java:105)
    at org.apache.maven.lifecycle.internal.LifecycleModuleBuilder.buildProject (LifecycleModuleBuilder.java:73)
    at org.apache.maven.lifecycle.internal.builder.singlethreaded.SingleThreadedBuilder.build (SingleThreadedBuilder.java:53)
    at org.apache.maven.lifecycle.internal.LifecycleStarter.execute (LifecycleStarter.java:118)
    at org.apache.maven.DefaultMaven.doExecute (DefaultMaven.java:261)
    at org.apache.maven.DefaultMaven.doExecute (DefaultMaven.java:173)
    at org.apache.maven.DefaultMaven.execute (DefaultMaven.java:101)
    at org.apache.maven.cli.MavenCli.execute (MavenCli.java:906)
    at org.apache.maven.cli.MavenCli.doMain (MavenCli.java:283)
    at org.apache.maven.cli.MavenCli.main (MavenCli.java:206)
    at jdk.internal.reflect.DirectMethodHandleAccessor.invoke (DirectMethodHandleAccessor.java:103)
    at java.lang.reflect.Method.invoke (Method.java:580)
    at org.codehaus.plexus.classworlds.launcher.Launcher.launchEnhanced (Launcher.java:255)
    at org.codehaus.plexus.classworlds.launcher.Launcher.launch (Launcher.java:201)
    at org.codehaus.plexus.classworlds.launcher.Launcher.mainWithExitCode (Launcher.java:361)
    at org.codehaus.plexus.classworlds.launcher.Launcher.main (Launcher.java:314)
[INFO] ------------------------------------------------------------------------
[INFO] Reactor Summary for Golang Mock API Service - API Definitions 17.0.0-SNAPSHOT:
[INFO] 
[INFO] Golang Mock API Service - API Definitions .......... SUCCESS [  0.110 s]
[INFO] Golang Mock API Definitions ........................ SUCCESS [  1.290 s]
[INFO] Mock API Client and Server SDKs .................... SUCCESS [  0.204 s]
[INFO] Golang Mock Java Model classes ..................... SUCCESS [  1.773 s]
[INFO] Golang Mock API Spring MVC Interfaces .............. SUCCESS [  0.330 s]
[INFO] Golang Mock Go DTO Definitions ..................... SUCCESS [  0.058 s]
[INFO] Golang Mock Protocol Buffer Messages ............... SUCCESS [  0.655 s]
[INFO] Golang Mock proto to Java classes .................. SUCCESS [  3.175 s]
[INFO] Golang Mock Protocol Buffer Services ............... FAILURE [  0.047 s]
[INFO] Golang Mock Protocol Buffer Mappers ................ SKIPPED
[INFO] Golang Mock gRPC Client ............................ SKIPPED
[INFO] ------------------------------------------------------------------------
[INFO] BUILD FAILURE
[INFO] ------------------------------------------------------------------------
[INFO] Total time:  7.828 s
[INFO] Finished at: 2025-11-21T12:47:31+05:30
[INFO] ------------------------------------------------------------------------
[ERROR] Failed to execute goal io.swagger.codegen.v3:swagger-codegen-maven-plugin:3.0.10:generate (default) on project golang-mock-protobuf-services: Code generation failed. See above for the full exception. -> [Help 1]
[ERROR] 
[ERROR] To see the full stack trace of the errors, re-run Maven with the -e switch.
[ERROR] Re-run Maven using the -X switch to enable full debug logging.
[ERROR] 
[ERROR] For more information about the errors and possible solutions, please read the following articles:
[ERROR] [Help 1] http://cwiki.apache.org/confluence/display/MAVEN/MojoExecutionException
[ERROR] 
[ERROR] After correcting the problems, you can resume the build with the command
[ERROR]   mvn <args> -rf :golang-mock-protobuf-services
